#
# There is insufficient memory for the Java Runtime Environment to continue.
# Native memory allocation (malloc) failed to allocate 844896 bytes for Chunk::new
# Possible reasons:
#   The system is out of physical RAM or swap space
#   The process is running with CompressedOops enabled, and the Java Heap may be blocking the growth of the native heap
# Possible solutions:
#   Reduce memory load on the system
#   Increase physical memory or swap space
#   Check if swap backing store is full
#   Decrease Java heap size (-Xmx/-Xms)
#   Decrease number of Java threads
#   Decrease Java thread stack sizes (-Xss)
#   Set larger code cache with -XX:ReservedCodeCacheSize=
#   JVM is running with Unscaled Compressed Oops mode in which the Java heap is
#     placed in the first 4GB address space. The Java Heap base address is the
#     maximum limit for the native heap growth. Please use -XX:HeapBaseMinAddress
#     to set the Java Heap base and to place the Java Heap above 4GB virtual address.
# This output file may be truncated or incomplete.
#
#  Out of Memory Error (arena.cpp:189), pid=2440, tid=11292
#
# JRE version: OpenJDK Runtime Environment Temurin-17.0.2+8 (17.0.2+8) (build 17.0.2+8)
# Java VM: OpenJDK 64-Bit Server VM Temurin-17.0.2+8 (17.0.2+8, mixed mode, sharing, tiered, compressed oops, compressed class ptrs, g1 gc, windows-amd64)
# No core dump will be written. Minidumps are not enabled by default on client versions of Windows
#

---------------  S U M M A R Y ------------

Command Line: -javaagent:C:\Program Files\JetBrains\IntelliJ IDEA Community Edition 2022.2.1\lib\idea_rt.jar=54921:C:\Program Files\JetBrains\IntelliJ IDEA Community Edition 2022.2.1\bin -Dfile.encoding=UTF-8 com.edgarfrancisco.MybooksBackendApplication

Host: Intel(R) Core(TM) i5-5200U CPU @ 2.20GHz, 4 cores, 7G,  Windows 10 , 64 bit Build 19041 (10.0.19041.1889)
Time: Mon Sep  5 16:20:13 2022 Central Daylight Time (Mexico) elapsed time: 3.547361 seconds (0d 0h 0m 3s)

---------------  T H R E A D  ---------------

Current thread (0x000001e3d3bb8a00):  JavaThread "C2 CompilerThread1" daemon [_thread_in_native, id=11292, stack(0x000000b43f100000,0x000000b43f200000)]


Current CompileTask:
C2:   3547 1754       4       jdk.internal.org.objectweb.asm.Frame::execute (2305 bytes)

Stack: [0x000000b43f100000,0x000000b43f200000]
Native frames: (J=compiled Java code, j=interpreted, Vv=VM code, C=native code)
V  [jvm.dll+0x67564a]
V  [jvm.dll+0x82fc04]
V  [jvm.dll+0x8313ae]
V  [jvm.dll+0x831a13]
V  [jvm.dll+0x245235]
V  [jvm.dll+0xabd7b]
V  [jvm.dll+0xac30c]
V  [jvm.dll+0x2ac33f]
V  [jvm.dll+0x57c559]
V  [jvm.dll+0x2202ed]
V  [jvm.dll+0x2206cf]
V  [jvm.dll+0x219f25]
V  [jvm.dll+0x2173eb]
V  [jvm.dll+0x1a3a8d]
V  [jvm.dll+0x226ef8]
V  [jvm.dll+0x22503c]
V  [jvm.dll+0x7e596b]
V  [jvm.dll+0x7dff2a]
V  [jvm.dll+0x6744d5]
C  [ucrtbase.dll+0x21bb2]
C  [KERNEL32.DLL+0x17034]
C  [ntdll.dll+0x52651]


---------------  P R O C E S S  ---------------

Threads class SMR info:
_java_thread_list=0x000001e3d3dca940, length=17, elements={
0x000001e3b4ac9290, 0x000001e3d25716b0, 0x000001e3d25730d0, 0x000001e3d2581810,
0x000001e3d25821d0, 0x000001e3d2583aa0, 0x000001e3d25866b0, 0x000001e3d25ac480,
0x000001e3d25aea50, 0x000001e3d25b2650, 0x000001e3d2555f30, 0x000001e3d33f2a60,
0x000001e3d33f2f30, 0x000001e3d38e6860, 0x000001e3d38e8080, 0x000001e3d3bb8a00,
0x000001e3d3bf7520
}

Java Threads: ( => current thread )
  0x000001e3b4ac9290 JavaThread "main" [_thread_blocked, id=7048, stack(0x000000b43d700000,0x000000b43d800000)]
  0x000001e3d25716b0 JavaThread "Reference Handler" daemon [_thread_blocked, id=6256, stack(0x000000b43de00000,0x000000b43df00000)]
  0x000001e3d25730d0 JavaThread "Finalizer" daemon [_thread_blocked, id=3780, stack(0x000000b43df00000,0x000000b43e000000)]
  0x000001e3d2581810 JavaThread "Signal Dispatcher" daemon [_thread_blocked, id=8756, stack(0x000000b43e000000,0x000000b43e100000)]
  0x000001e3d25821d0 JavaThread "Attach Listener" daemon [_thread_blocked, id=13488, stack(0x000000b43e100000,0x000000b43e200000)]
  0x000001e3d2583aa0 JavaThread "Service Thread" daemon [_thread_blocked, id=10960, stack(0x000000b43e200000,0x000000b43e300000)]
  0x000001e3d25866b0 JavaThread "Monitor Deflation Thread" daemon [_thread_blocked, id=13928, stack(0x000000b43e300000,0x000000b43e400000)]
  0x000001e3d25ac480 JavaThread "C2 CompilerThread0" daemon [_thread_in_native, id=3928, stack(0x000000b43e400000,0x000000b43e500000)]
  0x000001e3d25aea50 JavaThread "C1 CompilerThread0" daemon [_thread_blocked, id=4668, stack(0x000000b43e500000,0x000000b43e600000)]
  0x000001e3d25b2650 JavaThread "Sweeper thread" daemon [_thread_blocked, id=8592, stack(0x000000b43e600000,0x000000b43e700000)]
  0x000001e3d2555f30 JavaThread "Common-Cleaner" daemon [_thread_blocked, id=9760, stack(0x000000b43e700000,0x000000b43e800000)]
  0x000001e3d33f2a60 JavaThread "Monitor Ctrl-Break" daemon [_thread_in_native, id=3380, stack(0x000000b43e800000,0x000000b43e900000)]
  0x000001e3d33f2f30 JavaThread "Notification Thread" daemon [_thread_blocked, id=13612, stack(0x000000b43e900000,0x000000b43ea00000)]
  0x000001e3d38e6860 JavaThread "Thread-0" [_thread_blocked, id=13820, stack(0x000000b43ef00000,0x000000b43f000000)]
  0x000001e3d38e8080 JavaThread "restartedMain" [_thread_in_vm, id=5360, stack(0x000000b43f000000,0x000000b43f100000)]
=>0x000001e3d3bb8a00 JavaThread "C2 CompilerThread1" daemon [_thread_in_native, id=11292, stack(0x000000b43f100000,0x000000b43f200000)]
  0x000001e3d3bf7520 JavaThread "background-preinit" [_thread_in_vm, id=8064, stack(0x000000b43f200000,0x000000b43f300000)]

Other Threads:
  0x000001e3d256a730 VMThread "VM Thread" [stack: 0x000000b43dd00000,0x000000b43de00000] [id=12544]
  0x000001e3d33f3400 WatcherThread [stack: 0x000000b43ea00000,0x000000b43eb00000] [id=14644]
  0x000001e3b4b07370 GCTaskThread "GC Thread#0" [stack: 0x000000b43d800000,0x000000b43d900000] [id=15044]
  0x000001e3d38e9410 GCTaskThread "GC Thread#1" [stack: 0x000000b43eb00000,0x000000b43ec00000] [id=4648]
  0x000001e3d38a7c40 GCTaskThread "GC Thread#2" [stack: 0x000000b43ec00000,0x000000b43ed00000] [id=7772]
  0x000001e3d3406ab0 GCTaskThread "GC Thread#3" [stack: 0x000000b43ed00000,0x000000b43ee00000] [id=15028]
  0x000001e3b4b18030 ConcurrentGCThread "G1 Main Marker" [stack: 0x000000b43d900000,0x000000b43da00000] [id=11632]
  0x000001e3b4b18a40 ConcurrentGCThread "G1 Conc#0" [stack: 0x000000b43da00000,0x000000b43db00000] [id=10676]
  0x000001e3b4b90860 ConcurrentGCThread "G1 Refine#0" [stack: 0x000000b43db00000,0x000000b43dc00000] [id=608]
  0x000001e3d38a8370 ConcurrentGCThread "G1 Refine#1" [stack: 0x000000b43ee00000,0x000000b43ef00000] [id=14820]
  0x000001e3b4b91280 ConcurrentGCThread "G1 Service" [stack: 0x000000b43dc00000,0x000000b43dd00000] [id=12868]

Threads with active compile tasks:
C2 CompilerThread0     3608 1810   !   4       java.net.URL::<init> (543 bytes)
C2 CompilerThread1     3608 1754       4       jdk.internal.org.objectweb.asm.Frame::execute (2305 bytes)

VM state: not at safepoint (normal execution)

VM Mutex/Monitor currently owned by a thread: None

Heap address: 0x0000000081400000, size: 2028 MB, Compressed Oops mode: 32-bit

CDS archive(s) mapped at: [0x0000000800000000-0x0000000800bc0000-0x0000000800bc0000), size 12320768, SharedBaseAddress: 0x0000000800000000, ArchiveRelocationMode: 0.
Compressed class space mapped at: 0x0000000800c00000-0x0000000840c00000, reserved size: 1073741824
Narrow klass base: 0x0000000800000000, Narrow klass shift: 0, Narrow klass range: 0x100000000

GC Precious Log:
 CPUs: 4 total, 4 available
 Memory: 8106M
 Large Page Support: Disabled
 NUMA Support: Disabled
 Compressed Oops: Enabled (32-bit)
 Heap Region Size: 1M
 Heap Min Capacity: 8M
 Heap Initial Capacity: 128M
 Heap Max Capacity: 2028M
 Pre-touch: Disabled
 Parallel Workers: 4
 Concurrent Workers: 1
 Concurrent Refinement Workers: 4
 Periodic GC: Disabled

Heap:
 garbage-first heap   total 131072K, used 15657K [0x0000000081400000, 0x0000000100000000)
  region size 1024K, 11 young (11264K), 3 survivors (3072K)
 Metaspace       used 13985K, committed 14144K, reserved 1064960K
  class space    used 1717K, committed 1792K, reserved 1048576K

Heap Regions: E=young(eden), S=young(survivor), O=old, HS=humongous(starts), HC=humongous(continues), CS=collection set, F=free, OA=open archive, CA=closed archive, TAMS=top-at-mark-start (previous, next)
|   0|0x0000000081400000, 0x0000000081500000, 0x0000000081500000|100%|HS|  |TAMS 0x0000000081400000, 0x0000000081400000| Complete 
|   1|0x0000000081500000, 0x0000000081600000, 0x0000000081600000|100%| O|  |TAMS 0x0000000081500000, 0x0000000081500000| Untracked 
|   2|0x0000000081600000, 0x0000000081700000, 0x0000000081700000|100%| O|  |TAMS 0x0000000081600000, 0x0000000081600000| Untracked 
|   3|0x0000000081700000, 0x0000000081800000, 0x0000000081800000|100%| O|  |TAMS 0x0000000081700000, 0x0000000081700000| Untracked 
|   4|0x0000000081800000, 0x0000000081900000, 0x0000000081900000|100%| O|  |TAMS 0x0000000081800000, 0x0000000081800000| Untracked 
|   5|0x0000000081900000, 0x0000000081a00000, 0x0000000081a00000|100%| O|  |TAMS 0x0000000081900000, 0x0000000081900000| Untracked 
|   6|0x0000000081a00000, 0x0000000081a3a200, 0x0000000081b00000| 22%| O|  |TAMS 0x0000000081a00000, 0x0000000081a00000| Untracked 
|   7|0x0000000081b00000, 0x0000000081b00000, 0x0000000081c00000|  0%| F|  |TAMS 0x0000000081b00000, 0x0000000081b00000| Untracked 
|   8|0x0000000081c00000, 0x0000000081c00000, 0x0000000081d00000|  0%| F|  |TAMS 0x0000000081c00000, 0x0000000081c00000| Untracked 
|   9|0x0000000081d00000, 0x0000000081d00000, 0x0000000081e00000|  0%| F|  |TAMS 0x0000000081d00000, 0x0000000081d00000| Untracked 
|  10|0x0000000081e00000, 0x0000000081e00000, 0x0000000081f00000|  0%| F|  |TAMS 0x0000000081e00000, 0x0000000081e00000| Untracked 
|  11|0x0000000081f00000, 0x0000000081f00000, 0x0000000082000000|  0%| F|  |TAMS 0x0000000081f00000, 0x0000000081f00000| Untracked 
|  12|0x0000000082000000, 0x0000000082000000, 0x0000000082100000|  0%| F|  |TAMS 0x0000000082000000, 0x0000000082000000| Untracked 
|  13|0x0000000082100000, 0x0000000082100000, 0x0000000082200000|  0%| F|  |TAMS 0x0000000082100000, 0x0000000082100000| Untracked 
|  14|0x0000000082200000, 0x0000000082200000, 0x0000000082300000|  0%| F|  |TAMS 0x0000000082200000, 0x0000000082200000| Untracked 
|  15|0x0000000082300000, 0x0000000082300000, 0x0000000082400000|  0%| F|  |TAMS 0x0000000082300000, 0x0000000082300000| Untracked 
|  16|0x0000000082400000, 0x0000000082400000, 0x0000000082500000|  0%| F|  |TAMS 0x0000000082400000, 0x0000000082400000| Untracked 
|  17|0x0000000082500000, 0x0000000082500000, 0x0000000082600000|  0%| F|  |TAMS 0x0000000082500000, 0x0000000082500000| Untracked 
|  18|0x0000000082600000, 0x0000000082600000, 0x0000000082700000|  0%| F|  |TAMS 0x0000000082600000, 0x0000000082600000| Untracked 
|  19|0x0000000082700000, 0x0000000082700000, 0x0000000082800000|  0%| F|  |TAMS 0x0000000082700000, 0x0000000082700000| Untracked 
|  20|0x0000000082800000, 0x0000000082800000, 0x0000000082900000|  0%| F|  |TAMS 0x0000000082800000, 0x0000000082800000| Untracked 
|  21|0x0000000082900000, 0x0000000082900000, 0x0000000082a00000|  0%| F|  |TAMS 0x0000000082900000, 0x0000000082900000| Untracked 
|  22|0x0000000082a00000, 0x0000000082a00000, 0x0000000082b00000|  0%| F|  |TAMS 0x0000000082a00000, 0x0000000082a00000| Untracked 
|  23|0x0000000082b00000, 0x0000000082b00000, 0x0000000082c00000|  0%| F|  |TAMS 0x0000000082b00000, 0x0000000082b00000| Untracked 
|  24|0x0000000082c00000, 0x0000000082c00000, 0x0000000082d00000|  0%| F|  |TAMS 0x0000000082c00000, 0x0000000082c00000| Untracked 
|  25|0x0000000082d00000, 0x0000000082d00000, 0x0000000082e00000|  0%| F|  |TAMS 0x0000000082d00000, 0x0000000082d00000| Untracked 
|  26|0x0000000082e00000, 0x0000000082e00000, 0x0000000082f00000|  0%| F|  |TAMS 0x0000000082e00000, 0x0000000082e00000| Untracked 
|  27|0x0000000082f00000, 0x0000000082f00000, 0x0000000083000000|  0%| F|  |TAMS 0x0000000082f00000, 0x0000000082f00000| Untracked 
|  28|0x0000000083000000, 0x0000000083000000, 0x0000000083100000|  0%| F|  |TAMS 0x0000000083000000, 0x0000000083000000| Untracked 
|  29|0x0000000083100000, 0x0000000083100000, 0x0000000083200000|  0%| F|  |TAMS 0x0000000083100000, 0x0000000083100000| Untracked 
|  30|0x0000000083200000, 0x0000000083200000, 0x0000000083300000|  0%| F|  |TAMS 0x0000000083200000, 0x0000000083200000| Untracked 
|  31|0x0000000083300000, 0x0000000083300000, 0x0000000083400000|  0%| F|  |TAMS 0x0000000083300000, 0x0000000083300000| Untracked 
|  32|0x0000000083400000, 0x0000000083400000, 0x0000000083500000|  0%| F|  |TAMS 0x0000000083400000, 0x0000000083400000| Untracked 
|  33|0x0000000083500000, 0x0000000083500000, 0x0000000083600000|  0%| F|  |TAMS 0x0000000083500000, 0x0000000083500000| Untracked 
|  34|0x0000000083600000, 0x0000000083600000, 0x0000000083700000|  0%| F|  |TAMS 0x0000000083600000, 0x0000000083600000| Untracked 
|  35|0x0000000083700000, 0x0000000083700000, 0x0000000083800000|  0%| F|  |TAMS 0x0000000083700000, 0x0000000083700000| Untracked 
|  36|0x0000000083800000, 0x0000000083800000, 0x0000000083900000|  0%| F|  |TAMS 0x0000000083800000, 0x0000000083800000| Untracked 
|  37|0x0000000083900000, 0x0000000083900000, 0x0000000083a00000|  0%| F|  |TAMS 0x0000000083900000, 0x0000000083900000| Untracked 
|  38|0x0000000083a00000, 0x0000000083a00000, 0x0000000083b00000|  0%| F|  |TAMS 0x0000000083a00000, 0x0000000083a00000| Untracked 
|  39|0x0000000083b00000, 0x0000000083b00000, 0x0000000083c00000|  0%| F|  |TAMS 0x0000000083b00000, 0x0000000083b00000| Untracked 
|  40|0x0000000083c00000, 0x0000000083c00000, 0x0000000083d00000|  0%| F|  |TAMS 0x0000000083c00000, 0x0000000083c00000| Untracked 
|  41|0x0000000083d00000, 0x0000000083d00000, 0x0000000083e00000|  0%| F|  |TAMS 0x0000000083d00000, 0x0000000083d00000| Untracked 
|  42|0x0000000083e00000, 0x0000000083e00000, 0x0000000083f00000|  0%| F|  |TAMS 0x0000000083e00000, 0x0000000083e00000| Untracked 
|  43|0x0000000083f00000, 0x0000000083f00000, 0x0000000084000000|  0%| F|  |TAMS 0x0000000083f00000, 0x0000000083f00000| Untracked 
|  44|0x0000000084000000, 0x0000000084000000, 0x0000000084100000|  0%| F|  |TAMS 0x0000000084000000, 0x0000000084000000| Untracked 
|  45|0x0000000084100000, 0x0000000084100000, 0x0000000084200000|  0%| F|  |TAMS 0x0000000084100000, 0x0000000084100000| Untracked 
|  46|0x0000000084200000, 0x0000000084200000, 0x0000000084300000|  0%| F|  |TAMS 0x0000000084200000, 0x0000000084200000| Untracked 
|  47|0x0000000084300000, 0x0000000084300000, 0x0000000084400000|  0%| F|  |TAMS 0x0000000084300000, 0x0000000084300000| Untracked 
|  48|0x0000000084400000, 0x0000000084400000, 0x0000000084500000|  0%| F|  |TAMS 0x0000000084400000, 0x0000000084400000| Untracked 
|  49|0x0000000084500000, 0x0000000084500000, 0x0000000084600000|  0%| F|  |TAMS 0x0000000084500000, 0x0000000084500000| Untracked 
|  50|0x0000000084600000, 0x0000000084600000, 0x0000000084700000|  0%| F|  |TAMS 0x0000000084600000, 0x0000000084600000| Untracked 
|  51|0x0000000084700000, 0x0000000084700000, 0x0000000084800000|  0%| F|  |TAMS 0x0000000084700000, 0x0000000084700000| Untracked 
|  52|0x0000000084800000, 0x0000000084800000, 0x0000000084900000|  0%| F|  |TAMS 0x0000000084800000, 0x0000000084800000| Untracked 
|  53|0x0000000084900000, 0x0000000084900000, 0x0000000084a00000|  0%| F|  |TAMS 0x0000000084900000, 0x0000000084900000| Untracked 
|  54|0x0000000084a00000, 0x0000000084a00000, 0x0000000084b00000|  0%| F|  |TAMS 0x0000000084a00000, 0x0000000084a00000| Untracked 
|  55|0x0000000084b00000, 0x0000000084b00000, 0x0000000084c00000|  0%| F|  |TAMS 0x0000000084b00000, 0x0000000084b00000| Untracked 
|  56|0x0000000084c00000, 0x0000000084c00000, 0x0000000084d00000|  0%| F|  |TAMS 0x0000000084c00000, 0x0000000084c00000| Untracked 
|  57|0x0000000084d00000, 0x0000000084d00000, 0x0000000084e00000|  0%| F|  |TAMS 0x0000000084d00000, 0x0000000084d00000| Untracked 
|  58|0x0000000084e00000, 0x0000000084e00000, 0x0000000084f00000|  0%| F|  |TAMS 0x0000000084e00000, 0x0000000084e00000| Untracked 
|  59|0x0000000084f00000, 0x0000000084f00000, 0x0000000085000000|  0%| F|  |TAMS 0x0000000084f00000, 0x0000000084f00000| Untracked 
|  60|0x0000000085000000, 0x0000000085000000, 0x0000000085100000|  0%| F|  |TAMS 0x0000000085000000, 0x0000000085000000| Untracked 
|  61|0x0000000085100000, 0x0000000085100000, 0x0000000085200000|  0%| F|  |TAMS 0x0000000085100000, 0x0000000085100000| Untracked 
|  62|0x0000000085200000, 0x0000000085200000, 0x0000000085300000|  0%| F|  |TAMS 0x0000000085200000, 0x0000000085200000| Untracked 
|  63|0x0000000085300000, 0x0000000085300000, 0x0000000085400000|  0%| F|  |TAMS 0x0000000085300000, 0x0000000085300000| Untracked 
|  64|0x0000000085400000, 0x0000000085400000, 0x0000000085500000|  0%| F|  |TAMS 0x0000000085400000, 0x0000000085400000| Untracked 
|  65|0x0000000085500000, 0x0000000085500000, 0x0000000085600000|  0%| F|  |TAMS 0x0000000085500000, 0x0000000085500000| Untracked 
|  66|0x0000000085600000, 0x0000000085600000, 0x0000000085700000|  0%| F|  |TAMS 0x0000000085600000, 0x0000000085600000| Untracked 
|  67|0x0000000085700000, 0x0000000085700000, 0x0000000085800000|  0%| F|  |TAMS 0x0000000085700000, 0x0000000085700000| Untracked 
|  68|0x0000000085800000, 0x0000000085800000, 0x0000000085900000|  0%| F|  |TAMS 0x0000000085800000, 0x0000000085800000| Untracked 
|  69|0x0000000085900000, 0x0000000085900000, 0x0000000085a00000|  0%| F|  |TAMS 0x0000000085900000, 0x0000000085900000| Untracked 
|  70|0x0000000085a00000, 0x0000000085a00000, 0x0000000085b00000|  0%| F|  |TAMS 0x0000000085a00000, 0x0000000085a00000| Untracked 
|  71|0x0000000085b00000, 0x0000000085b00000, 0x0000000085c00000|  0%| F|  |TAMS 0x0000000085b00000, 0x0000000085b00000| Untracked 
|  72|0x0000000085c00000, 0x0000000085c00000, 0x0000000085d00000|  0%| F|  |TAMS 0x0000000085c00000, 0x0000000085c00000| Untracked 
|  73|0x0000000085d00000, 0x0000000085d00000, 0x0000000085e00000|  0%| F|  |TAMS 0x0000000085d00000, 0x0000000085d00000| Untracked 
|  74|0x0000000085e00000, 0x0000000085e00000, 0x0000000085f00000|  0%| F|  |TAMS 0x0000000085e00000, 0x0000000085e00000| Untracked 
|  75|0x0000000085f00000, 0x0000000085f00000, 0x0000000086000000|  0%| F|  |TAMS 0x0000000085f00000, 0x0000000085f00000| Untracked 
|  76|0x0000000086000000, 0x0000000086000000, 0x0000000086100000|  0%| F|  |TAMS 0x0000000086000000, 0x0000000086000000| Untracked 
|  77|0x0000000086100000, 0x0000000086100000, 0x0000000086200000|  0%| F|  |TAMS 0x0000000086100000, 0x0000000086100000| Untracked 
|  78|0x0000000086200000, 0x0000000086200000, 0x0000000086300000|  0%| F|  |TAMS 0x0000000086200000, 0x0000000086200000| Untracked 
|  79|0x0000000086300000, 0x0000000086300000, 0x0000000086400000|  0%| F|  |TAMS 0x0000000086300000, 0x0000000086300000| Untracked 
|  80|0x0000000086400000, 0x0000000086400000, 0x0000000086500000|  0%| F|  |TAMS 0x0000000086400000, 0x0000000086400000| Untracked 
|  81|0x0000000086500000, 0x0000000086500000, 0x0000000086600000|  0%| F|  |TAMS 0x0000000086500000, 0x0000000086500000| Untracked 
|  82|0x0000000086600000, 0x0000000086600000, 0x0000000086700000|  0%| F|  |TAMS 0x0000000086600000, 0x0000000086600000| Untracked 
|  83|0x0000000086700000, 0x0000000086700000, 0x0000000086800000|  0%| F|  |TAMS 0x0000000086700000, 0x0000000086700000| Untracked 
|  84|0x0000000086800000, 0x0000000086800000, 0x0000000086900000|  0%| F|  |TAMS 0x0000000086800000, 0x0000000086800000| Untracked 
|  85|0x0000000086900000, 0x0000000086900000, 0x0000000086a00000|  0%| F|  |TAMS 0x0000000086900000, 0x0000000086900000| Untracked 
|  86|0x0000000086a00000, 0x0000000086a00000, 0x0000000086b00000|  0%| F|  |TAMS 0x0000000086a00000, 0x0000000086a00000| Untracked 
|  87|0x0000000086b00000, 0x0000000086b00000, 0x0000000086c00000|  0%| F|  |TAMS 0x0000000086b00000, 0x0000000086b00000| Untracked 
|  88|0x0000000086c00000, 0x0000000086c00000, 0x0000000086d00000|  0%| F|  |TAMS 0x0000000086c00000, 0x0000000086c00000| Untracked 
|  89|0x0000000086d00000, 0x0000000086d00000, 0x0000000086e00000|  0%| F|  |TAMS 0x0000000086d00000, 0x0000000086d00000| Untracked 
|  90|0x0000000086e00000, 0x0000000086e00000, 0x0000000086f00000|  0%| F|  |TAMS 0x0000000086e00000, 0x0000000086e00000| Untracked 
|  91|0x0000000086f00000, 0x0000000086f00000, 0x0000000087000000|  0%| F|  |TAMS 0x0000000086f00000, 0x0000000086f00000| Untracked 
|  92|0x0000000087000000, 0x0000000087000000, 0x0000000087100000|  0%| F|  |TAMS 0x0000000087000000, 0x0000000087000000| Untracked 
|  93|0x0000000087100000, 0x0000000087100000, 0x0000000087200000|  0%| F|  |TAMS 0x0000000087100000, 0x0000000087100000| Untracked 
|  94|0x0000000087200000, 0x0000000087200000, 0x0000000087300000|  0%| F|  |TAMS 0x0000000087200000, 0x0000000087200000| Untracked 
|  95|0x0000000087300000, 0x0000000087300000, 0x0000000087400000|  0%| F|  |TAMS 0x0000000087300000, 0x0000000087300000| Untracked 
|  96|0x0000000087400000, 0x0000000087400000, 0x0000000087500000|  0%| F|  |TAMS 0x0000000087400000, 0x0000000087400000| Untracked 
|  97|0x0000000087500000, 0x0000000087500000, 0x0000000087600000|  0%| F|  |TAMS 0x0000000087500000, 0x0000000087500000| Untracked 
|  98|0x0000000087600000, 0x0000000087600000, 0x0000000087700000|  0%| F|  |TAMS 0x0000000087600000, 0x0000000087600000| Untracked 
|  99|0x0000000087700000, 0x0000000087700000, 0x0000000087800000|  0%| F|  |TAMS 0x0000000087700000, 0x0000000087700000| Untracked 
| 100|0x0000000087800000, 0x00000000878103a0, 0x0000000087900000|  6%| S|CS|TAMS 0x0000000087800000, 0x0000000087800000| Complete 
| 101|0x0000000087900000, 0x0000000087a00000, 0x0000000087a00000|100%| S|CS|TAMS 0x0000000087900000, 0x0000000087900000| Complete 
| 102|0x0000000087a00000, 0x0000000087b00000, 0x0000000087b00000|100%| S|CS|TAMS 0x0000000087a00000, 0x0000000087a00000| Complete 
| 103|0x0000000087b00000, 0x0000000087b00000, 0x0000000087c00000|  0%| F|  |TAMS 0x0000000087b00000, 0x0000000087b00000| Untracked 
| 104|0x0000000087c00000, 0x0000000087c00000, 0x0000000087d00000|  0%| F|  |TAMS 0x0000000087c00000, 0x0000000087c00000| Untracked 
| 105|0x0000000087d00000, 0x0000000087d00000, 0x0000000087e00000|  0%| F|  |TAMS 0x0000000087d00000, 0x0000000087d00000| Untracked 
| 106|0x0000000087e00000, 0x0000000087e00000, 0x0000000087f00000|  0%| F|  |TAMS 0x0000000087e00000, 0x0000000087e00000| Untracked 
| 107|0x0000000087f00000, 0x0000000087f00000, 0x0000000088000000|  0%| F|  |TAMS 0x0000000087f00000, 0x0000000087f00000| Untracked 
| 108|0x0000000088000000, 0x0000000088000000, 0x0000000088100000|  0%| F|  |TAMS 0x0000000088000000, 0x0000000088000000| Untracked 
| 109|0x0000000088100000, 0x0000000088100000, 0x0000000088200000|  0%| F|  |TAMS 0x0000000088100000, 0x0000000088100000| Untracked 
| 110|0x0000000088200000, 0x0000000088200000, 0x0000000088300000|  0%| F|  |TAMS 0x0000000088200000, 0x0000000088200000| Untracked 
| 111|0x0000000088300000, 0x0000000088300000, 0x0000000088400000|  0%| F|  |TAMS 0x0000000088300000, 0x0000000088300000| Untracked 
| 112|0x0000000088400000, 0x0000000088400000, 0x0000000088500000|  0%| F|  |TAMS 0x0000000088400000, 0x0000000088400000| Untracked 
| 113|0x0000000088500000, 0x0000000088500000, 0x0000000088600000|  0%| F|  |TAMS 0x0000000088500000, 0x0000000088500000| Untracked 
| 114|0x0000000088600000, 0x0000000088600000, 0x0000000088700000|  0%| F|  |TAMS 0x0000000088600000, 0x0000000088600000| Untracked 
| 115|0x0000000088700000, 0x0000000088700000, 0x0000000088800000|  0%| F|  |TAMS 0x0000000088700000, 0x0000000088700000| Untracked 
| 116|0x0000000088800000, 0x0000000088800000, 0x0000000088900000|  0%| F|  |TAMS 0x0000000088800000, 0x0000000088800000| Untracked 
| 117|0x0000000088900000, 0x0000000088900000, 0x0000000088a00000|  0%| F|  |TAMS 0x0000000088900000, 0x0000000088900000| Untracked 
| 118|0x0000000088a00000, 0x0000000088a00000, 0x0000000088b00000|  0%| F|  |TAMS 0x0000000088a00000, 0x0000000088a00000| Untracked 
| 119|0x0000000088b00000, 0x0000000088b00000, 0x0000000088c00000|  0%| F|  |TAMS 0x0000000088b00000, 0x0000000088b00000| Untracked 
| 120|0x0000000088c00000, 0x0000000088cefc30, 0x0000000088d00000| 93%| E|  |TAMS 0x0000000088c00000, 0x0000000088c00000| Complete 
| 121|0x0000000088d00000, 0x0000000088e00000, 0x0000000088e00000|100%| E|CS|TAMS 0x0000000088d00000, 0x0000000088d00000| Complete 
| 122|0x0000000088e00000, 0x0000000088f00000, 0x0000000088f00000|100%| E|CS|TAMS 0x0000000088e00000, 0x0000000088e00000| Complete 
| 123|0x0000000088f00000, 0x0000000089000000, 0x0000000089000000|100%| E|CS|TAMS 0x0000000088f00000, 0x0000000088f00000| Complete 
| 124|0x0000000089000000, 0x0000000089100000, 0x0000000089100000|100%| E|CS|TAMS 0x0000000089000000, 0x0000000089000000| Complete 
| 125|0x0000000089100000, 0x0000000089200000, 0x0000000089200000|100%| E|CS|TAMS 0x0000000089100000, 0x0000000089100000| Complete 
| 126|0x0000000089200000, 0x0000000089300000, 0x0000000089300000|100%| E|CS|TAMS 0x0000000089200000, 0x0000000089200000| Complete 
| 127|0x0000000089300000, 0x0000000089400000, 0x0000000089400000|100%| E|CS|TAMS 0x0000000089300000, 0x0000000089300000| Complete 

Card table byte_map: [0x000001e3cb990000,0x000001e3cbd90000] _byte_map_base: 0x000001e3cb586000

Marking Bits (Prev, Next): (CMBitMap*) 0x000001e3b4b07980, (CMBitMap*) 0x000001e3b4b079c0
 Prev Bits: [0x000001e3cc190000, 0x000001e3ce140000)
 Next Bits: [0x000001e3ce140000, 0x000001e3d00f0000)

Polling page: 0x000001e3b42a0000

Metaspace:

Usage:
  Non-class:     12.07 MB used.
      Class:      1.70 MB used.
       Both:     13.77 MB used.

Virtual space:
  Non-class space:       16.00 MB reserved,      12.19 MB ( 76%) committed,  2 nodes.
      Class space:        1.00 GB reserved,       1.81 MB ( <1%) committed,  1 nodes.
             Both:        1.02 GB reserved,      14.00 MB (  1%) committed. 

Chunk freelists:
   Non-Class:  3.78 MB
       Class:  2.17 MB
        Both:  5.95 MB

MaxMetaspaceSize: unlimited
CompressedClassSpaceSize: 1.00 GB
Initial GC threshold: 21.00 MB
Current GC threshold: 21.00 MB
CDS: on
MetaspaceReclaimPolicy: balanced
 - commit_granule_bytes: 65536.
 - commit_granule_words: 8192.
 - virtual_space_node_default_size: 1048576.
 - enlarge_chunks_in_place: 1.
 - new_chunks_are_fully_committed: 0.
 - uncommit_free_chunks: 1.
 - use_allocation_guard: 0.
 - handle_deallocations: 1.


Internal statistics:

num_allocs_failed_limit: 0.
num_arena_births: 146.
num_arena_deaths: 0.
num_vsnodes_births: 3.
num_vsnodes_deaths: 0.
num_space_committed: 224.
num_space_uncommitted: 0.
num_chunks_returned_to_freelist: 0.
num_chunks_taken_from_freelist: 569.
num_chunk_merges: 0.
num_chunk_splits: 394.
num_chunks_enlarged: 327.
num_purges: 0.
num_inconsistent_stats: 0.

CodeHeap 'non-profiled nmethods': size=120000Kb used=643Kb max_used=643Kb free=119356Kb
 bounds [0x000001e3c4060000, 0x000001e3c42d0000, 0x000001e3cb590000]
CodeHeap 'profiled nmethods': size=120000Kb used=3371Kb max_used=3371Kb free=116628Kb
 bounds [0x000001e3bcb30000, 0x000001e3bce80000, 0x000001e3c4060000]
CodeHeap 'non-nmethods': size=5760Kb used=1168Kb max_used=1199Kb free=4591Kb
 bounds [0x000001e3bc590000, 0x000001e3bc800000, 0x000001e3bcb30000]
 total_blobs=2269 nmethods=1810 adapters=371
 compilation: enabled
              stopped_count=0, restarted_count=0
 full_count=0

Compilation events (20 events):
Event: 3.526 Thread 0x000001e3d25aea50 1800       3       java.lang.reflect.Modifier::isAbstract (14 bytes)
Event: 3.527 Thread 0x000001e3d25aea50 nmethod 1800 0x000001e3bce71990 code [0x000001e3bce71b20, 0x000001e3bce71c78]
Event: 3.527 Thread 0x000001e3d25aea50 1801   !   3       jdk.internal.reflect.ReflectionFactory::checkInitted (100 bytes)
Event: 3.529 Thread 0x000001e3d25aea50 nmethod 1801 0x000001e3bce71d10 code [0x000001e3bce72020, 0x000001e3bce73048]
Event: 3.529 Thread 0x000001e3d25aea50 1802       3       java.lang.reflect.ReflectAccess::getRoot (5 bytes)
Event: 3.529 Thread 0x000001e3d25aea50 nmethod 1802 0x000001e3bce73510 code [0x000001e3bce736c0, 0x000001e3bce73888]
Event: 3.529 Thread 0x000001e3d25aea50 1803       3       java.lang.invoke.MethodHandles$Lookup::resolveOrFail (44 bytes)
Event: 3.530 Thread 0x000001e3d25ac480 1805       4       sun.reflect.generics.parser.SignatureParser::skipIdentifier (67 bytes)
Event: 3.530 Thread 0x000001e3d25aea50 nmethod 1803 0x000001e3bce73990 code [0x000001e3bce73c40, 0x000001e3bce74908]
Event: 3.530 Thread 0x000001e3d25aea50 1804       3       sun.reflect.generics.parser.SignatureParser::parseFieldTypeSignature (73 bytes)
Event: 3.531 Thread 0x000001e3d25aea50 nmethod 1804 0x000001e3bce74d90 code [0x000001e3bce74fe0, 0x000001e3bce75688]
Event: 3.532 Thread 0x000001e3d25aea50 1806       1       sun.reflect.generics.repository.AbstractRepository::getFactory (5 bytes)
Event: 3.532 Thread 0x000001e3d25aea50 nmethod 1806 0x000001e3c40fff10 code [0x000001e3c41000a0, 0x000001e3c4100178]
Event: 3.532 Thread 0x000001e3d25aea50 1807   !   3       java.lang.invoke.MethodHandleNatives::linkMethodHandleConstant (50 bytes)
Event: 3.533 Thread 0x000001e3d25aea50 nmethod 1807 0x000001e3bce75910 code [0x000001e3bce75ae0, 0x000001e3bce75cc8]
Event: 3.533 Thread 0x000001e3d25aea50 1808       3       java.lang.invoke.MethodHandles$Lookup::linkMethodHandleConstant (223 bytes)
Event: 3.535 Thread 0x000001e3d25aea50 nmethod 1808 0x000001e3bce75e90 code [0x000001e3bce76260, 0x000001e3bce77b08]
Event: 3.538 Thread 0x000001e3d25ac480 nmethod 1805 0x000001e3c4100210 code [0x000001e3c41003c0, 0x000001e3c41006b8]
Event: 3.538 Thread 0x000001e3d25ac480 1809       4       java.lang.System::getSecurityManager (12 bytes)
Event: 3.539 Thread 0x000001e3d25ac480 nmethod 1809 0x000001e3c4100a10 code [0x000001e3c4100b80, 0x000001e3c4100bf8]

GC Heap History (6 events):
Event: 1.386 GC heap before
{Heap before GC invocations=0 (full 0):
 garbage-first heap   total 131072K, used 13312K [0x0000000081400000, 0x0000000100000000)
  region size 1024K, 13 young (13312K), 0 survivors (0K)
 Metaspace       used 3386K, committed 3456K, reserved 1056768K
  class space    used 339K, committed 384K, reserved 1048576K
}
Event: 1.397 GC heap after
{Heap after GC invocations=1 (full 0):
 garbage-first heap   total 131072K, used 6270K [0x0000000081400000, 0x0000000100000000)
  region size 1024K, 2 young (2048K), 2 survivors (2048K)
 Metaspace       used 3386K, committed 3456K, reserved 1056768K
  class space    used 339K, committed 384K, reserved 1048576K
}
Event: 2.096 GC heap before
{Heap before GC invocations=1 (full 0):
 garbage-first heap   total 131072K, used 15486K [0x0000000081400000, 0x0000000100000000)
  region size 1024K, 11 young (11264K), 2 survivors (2048K)
 Metaspace       used 5713K, committed 5888K, reserved 1056768K
  class space    used 645K, committed 704K, reserved 1048576K
}
Event: 2.102 GC heap after
{Heap after GC invocations=2 (full 0):
 garbage-first heap   total 131072K, used 7086K [0x0000000081400000, 0x0000000100000000)
  region size 1024K, 1 young (1024K), 1 survivors (1024K)
 Metaspace       used 5713K, committed 5888K, reserved 1056768K
  class space    used 645K, committed 704K, reserved 1048576K
}
Event: 3.419 GC heap before
{Heap before GC invocations=2 (full 0):
 garbage-first heap   total 131072K, used 30638K [0x0000000081400000, 0x0000000100000000)
  region size 1024K, 25 young (25600K), 1 survivors (1024K)
 Metaspace       used 11999K, committed 12224K, reserved 1064960K
  class space    used 1438K, committed 1536K, reserved 1048576K
}
Event: 3.423 GC heap after
{Heap after GC invocations=3 (full 0):
 garbage-first heap   total 131072K, used 8489K [0x0000000081400000, 0x0000000100000000)
  region size 1024K, 3 young (3072K), 3 survivors (3072K)
 Metaspace       used 11999K, committed 12224K, reserved 1064960K
  class space    used 1438K, committed 1536K, reserved 1048576K
}

Deoptimization events (20 events):
Event: 3.261 Thread 0x000001e3d38e8080 Uncommon trap: trap_request=0xffffff45 fr.pc=0x000001e3c40b5ce0 relative=0x00000000000004a0
Event: 3.261 Thread 0x000001e3d38e8080 Uncommon trap: reason=unstable_if action=reinterpret pc=0x000001e3c40b5ce0 method=java.util.HashMap.hash(Ljava/lang/Object;)I @ 1 c2
Event: 3.261 Thread 0x000001e3d38e8080 DEOPT PACKING pc=0x000001e3c40b5ce0 sp=0x000000b43f0fdf40
Event: 3.261 Thread 0x000001e3d38e8080 DEOPT UNPACKING pc=0x000001e3bc5e23a3 sp=0x000000b43f0fddd8 mode 2
Event: 3.263 Thread 0x000001e3d38e8080 Uncommon trap: trap_request=0xffffff45 fr.pc=0x000001e3c40b52c0 relative=0x0000000000000480
Event: 3.263 Thread 0x000001e3d38e8080 Uncommon trap: reason=unstable_if action=reinterpret pc=0x000001e3c40b52c0 method=java.util.HashMap.hash(Ljava/lang/Object;)I @ 1 c2
Event: 3.263 Thread 0x000001e3d38e8080 DEOPT PACKING pc=0x000001e3c40b52c0 sp=0x000000b43f0fdf00
Event: 3.263 Thread 0x000001e3d38e8080 DEOPT UNPACKING pc=0x000001e3bc5e23a3 sp=0x000000b43f0fde18 mode 2
Event: 3.381 Thread 0x000001e3d38e8080 Uncommon trap: trap_request=0xffffff45 fr.pc=0x000001e3c40d24e0 relative=0x00000000000002c0
Event: 3.381 Thread 0x000001e3d38e8080 Uncommon trap: reason=unstable_if action=reinterpret pc=0x000001e3c40d24e0 method=jdk.internal.org.objectweb.asm.SymbolTable.put(Ljdk/internal/org/objectweb/asm/SymbolTable$Entry;)Ljdk/internal/org/objectweb/asm/SymbolTable$Entry; @ 13 c2
Event: 3.381 Thread 0x000001e3d38e8080 DEOPT PACKING pc=0x000001e3c40d24e0 sp=0x000000b43f0fcbd0
Event: 3.381 Thread 0x000001e3d38e8080 DEOPT UNPACKING pc=0x000001e3bc5e23a3 sp=0x000000b43f0fcb50 mode 2
Event: 3.486 Thread 0x000001e3d3bf7520 Uncommon trap: trap_request=0xffffff45 fr.pc=0x000001e3c40bb99c relative=0x0000000000000c7c
Event: 3.486 Thread 0x000001e3d3bf7520 Uncommon trap: reason=unstable_if action=reinterpret pc=0x000001e3c40bb99c method=java.util.concurrent.ConcurrentHashMap.addCount(JI)V @ 34 c2
Event: 3.486 Thread 0x000001e3d3bf7520 DEOPT PACKING pc=0x000001e3c40bb99c sp=0x000000b43f2fa3b0
Event: 3.486 Thread 0x000001e3d3bf7520 DEOPT UNPACKING pc=0x000001e3bc5e23a3 sp=0x000000b43f2fa270 mode 2
Event: 3.487 Thread 0x000001e3d38e8080 Uncommon trap: trap_request=0xffffff45 fr.pc=0x000001e3c40c0e18 relative=0x0000000000000158
Event: 3.487 Thread 0x000001e3d38e8080 Uncommon trap: reason=unstable_if action=reinterpret pc=0x000001e3c40c0e18 method=java.util.concurrent.ConcurrentHashMap.addCount(JI)V @ 7 c2
Event: 3.487 Thread 0x000001e3d38e8080 DEOPT PACKING pc=0x000001e3c40c0e18 sp=0x000000b43f0fa650
Event: 3.487 Thread 0x000001e3d38e8080 DEOPT UNPACKING pc=0x000001e3bc5e23a3 sp=0x000000b43f0fa5b0 mode 2

Classes unloaded (0 events):
No events

Classes redefined (0 events):
No events

Internal exceptions (20 events):
Event: 2.692 Thread 0x000001e3d38e8080 Exception <a 'java/lang/NoSuchMethodError'{0x0000000088d02bc8}: 'int java.lang.invoke.DirectMethodHandle$Holder.invokeVirtual(java.lang.Object, java.lang.Object)'> (0x0000000088d02bc8) 
thrown [e:\jenkins\tmp\workspace\build\src\src\hotspot\share\interpreter\linkResolver.cpp, line 766]
Event: 2.724 Thread 0x000001e3d38e8080 Exception <a 'java/lang/NoSuchMethodError'{0x0000000088d879a0}: 'java.lang.Object java.lang.invoke.DirectMethodHandle$Holder.invokeSpecial(java.lang.Object, java.lang.Object, java.lang.Object, int, java.lang.Object)'> (0x0000000088d879a0) 
thrown [e:\jenkins\tmp\workspace\build\src\src\hotspot\share\interpreter\linkResolver.cpp, line 766]
Event: 2.726 Thread 0x000001e3d38e8080 Exception <a 'java/lang/NoSuchMethodError'{0x0000000088d90248}: 'java.lang.Object java.lang.invoke.DirectMethodHandle$Holder.newInvokeSpecial(java.lang.Object, java.lang.Object, java.lang.Object, int, java.lang.Object)'> (0x0000000088d90248) 
thrown [e:\jenkins\tmp\workspace\build\src\src\hotspot\share\interpreter\linkResolver.cpp, line 766]
Event: 2.727 Thread 0x000001e3d38e8080 Exception <a 'java/lang/NoSuchMethodError'{0x0000000088d97c18}: 'java.lang.Object java.lang.invoke.Invokers$Holder.linkToTargetMethod(java.lang.Object, java.lang.Object, int, java.lang.Object, java.lang.Object)'> (0x0000000088d97c18) 
thrown [e:\jenkins\tmp\workspace\build\src\src\hotspot\share\interpreter\linkResolver.cpp, line 766]
Event: 2.730 Thread 0x000001e3d38e8080 Exception <a 'java/lang/NoSuchMethodError'{0x0000000088da7048}: 'java.lang.Object java.lang.invoke.DirectMethodHandle$Holder.newInvokeSpecial(java.lang.Object, int, java.lang.Object)'> (0x0000000088da7048) 
thrown [e:\jenkins\tmp\workspace\build\src\src\hotspot\share\interpreter\linkResolver.cpp, line 766]
Event: 2.731 Thread 0x000001e3d38e8080 Exception <a 'java/lang/NoSuchMethodError'{0x0000000088dabd28}: 'int java.lang.invoke.DirectMethodHandle$Holder.invokeSpecialIFC(java.lang.Object, java.lang.Object, java.lang.Object, java.lang.Object)'> (0x0000000088dabd28) 
thrown [e:\jenkins\tmp\workspace\build\src\src\hotspot\share\interpreter\linkResolver.cpp, line 766]
Event: 2.773 Thread 0x000001e3d38e8080 Exception <a 'java/lang/NoSuchMethodError'{0x0000000088c6a4b8}: 'java.lang.Object java.lang.invoke.DirectMethodHandle$Holder.invokeInterface(java.lang.Object, java.lang.Object)'> (0x0000000088c6a4b8) 
thrown [e:\jenkins\tmp\workspace\build\src\src\hotspot\share\interpreter\linkResolver.cpp, line 766]
Event: 2.779 Thread 0x000001e3d38e8080 Exception <a 'java/lang/NoSuchMethodError'{0x0000000088c7ae60}: 'void java.lang.invoke.DirectMethodHandle$Holder.invokeInterface(java.lang.Object, java.lang.Object, java.lang.Object)'> (0x0000000088c7ae60) 
thrown [e:\jenkins\tmp\workspace\build\src\src\hotspot\share\interpreter\linkResolver.cpp, line 766]
Event: 2.825 Thread 0x000001e3d38e8080 Exception <a 'java/lang/NoSuchMethodError'{0x0000000088b0de28}: 'void java.lang.invoke.DirectMethodHandle$Holder.invokeStaticInit(java.lang.Object, java.lang.Object)'> (0x0000000088b0de28) 
thrown [e:\jenkins\tmp\workspace\build\src\src\hotspot\share\interpreter\linkResolver.cpp, line 766]
Event: 2.829 Thread 0x000001e3d38e8080 Exception <a 'java/lang/NoSuchMethodError'{0x0000000088b1ab40}: 'void java.lang.invoke.DirectMethodHandle$Holder.invokeStaticInit(java.lang.Object, java.lang.Object, java.lang.Object)'> (0x0000000088b1ab40) 
thrown [e:\jenkins\tmp\workspace\build\src\src\hotspot\share\interpreter\linkResolver.cpp, line 766]
Event: 2.900 Thread 0x000001e3d38e8080 Exception <a 'java/lang/NoSuchMethodError'{0x0000000088ba3b50}: 'void java.lang.invoke.DirectMethodHandle$Holder.invokeVirtual(java.lang.Object, java.lang.Object, java.lang.Object, java.lang.Object)'> (0x0000000088ba3b50) 
thrown [e:\jenkins\tmp\workspace\build\src\src\hotspot\share\interpreter\linkResolver.cpp, line 766]
Event: 2.987 Thread 0x000001e3d38e8080 Exception <a 'java/lang/NoSuchMethodError'{0x00000000889dcc20}: 'void java.lang.invoke.DirectMethodHandle$Holder.invokeSpecial(java.lang.Object, java.lang.Object, java.lang.Object)'> (0x00000000889dcc20) 
thrown [e:\jenkins\tmp\workspace\build\src\src\hotspot\share\interpreter\linkResolver.cpp, line 766]
Event: 2.988 Thread 0x000001e3d38e8080 Exception <a 'java/lang/NoSuchMethodError'{0x00000000889e3598}: 'void java.lang.invoke.DirectMethodHandle$Holder.invokeSpecial(java.lang.Object, java.lang.Object, java.lang.Object, java.lang.Object, java.lang.Object)'> (0x00000000889e3598) 
thrown [e:\jenkins\tmp\workspace\build\src\src\hotspot\share\interpreter\linkResolver.cpp, line 766]
Event: 2.994 Thread 0x000001e3d38e8080 Exception <a 'java/lang/NoSuchMethodError'{0x00000000889f9ae8}: 'java.lang.Object java.lang.invoke.DirectMethodHandle$Holder.invokeVirtual(java.lang.Object, java.lang.Object, java.lang.Object)'> (0x00000000889f9ae8) 
thrown [e:\jenkins\tmp\workspace\build\src\src\hotspot\share\interpreter\linkResolver.cpp, line 766]
Event: 3.033 Thread 0x000001e3d38e8080 Exception <a 'java/lang/NoSuchMethodError'{0x000000008888dfa8}: 'void java.lang.invoke.DirectMethodHandle$Holder.invokeStatic(java.lang.Object, java.lang.Object, int)'> (0x000000008888dfa8) 
thrown [e:\jenkins\tmp\workspace\build\src\src\hotspot\share\interpreter\linkResolver.cpp, line 766]
Event: 3.060 Thread 0x000001e3d3bf7520 Exception <a 'java/lang/NoClassDefFoundError'{0x00000000888f4b90}: javax/validation/Validation> (0x00000000888f4b90) 
thrown [e:\jenkins\tmp\workspace\build\src\src\hotspot\share\classfile\systemDictionary.cpp, line 245]
Event: 3.115 Thread 0x000001e3d3bf7520 Exception <a 'java/lang/NoSuchMethodError'{0x000000008869e408}: 'java.lang.Object java.lang.invoke.DirectMethodHandle$Holder.invokeStaticInit(java.lang.Object, java.lang.Object, java.lang.Object)'> (0x000000008869e408) 
thrown [e:\jenkins\tmp\workspace\build\src\src\hotspot\share\interpreter\linkResolver.cpp, line 766]
Event: 3.117 Thread 0x000001e3d3bf7520 Exception <a 'java/lang/NoSuchMethodError'{0x00000000886a42f8}: 'java.lang.Object java.lang.invoke.DirectMethodHandle$Holder.invokeStaticInit(java.lang.Object, java.lang.Object, java.lang.Object, java.lang.Object, java.lang.Object)'> (0x00000000886a42f8) 
thrown [e:\jenkins\tmp\workspace\build\src\src\hotspot\share\interpreter\linkResolver.cpp, line 766]
Event: 3.261 Thread 0x000001e3d38e8080 Implicit null exception at 0x000001e3c40b588c to 0x000001e3c40b5cc4
Event: 3.263 Thread 0x000001e3d38e8080 Implicit null exception at 0x000001e3c40b4e8e to 0x000001e3c40b52a4

VM Operations (20 events):
Event: 1.231 Executing VM operation: HandshakeAllThreads
Event: 1.231 Executing VM operation: HandshakeAllThreads done
Event: 1.231 Executing VM operation: Cleanup
Event: 1.231 Executing VM operation: Cleanup done
Event: 1.386 Executing VM operation: G1CollectForAllocation
Event: 1.398 Executing VM operation: G1CollectForAllocation done
Event: 1.905 Executing VM operation: HandshakeAllThreads
Event: 1.905 Executing VM operation: HandshakeAllThreads done
Event: 2.096 Executing VM operation: G1CollectForAllocation
Event: 2.102 Executing VM operation: G1CollectForAllocation done
Event: 2.665 Executing VM operation: HandshakeAllThreads
Event: 2.665 Executing VM operation: HandshakeAllThreads done
Event: 3.079 Executing VM operation: HandshakeAllThreads
Event: 3.079 Executing VM operation: HandshakeAllThreads done
Event: 3.079 Executing VM operation: HandshakeAllThreads
Event: 3.080 Executing VM operation: HandshakeAllThreads done
Event: 3.419 Executing VM operation: G1CollectForAllocation
Event: 3.423 Executing VM operation: G1CollectForAllocation done
Event: 3.529 Executing VM operation: HandshakeAllThreads
Event: 3.529 Executing VM operation: HandshakeAllThreads done

Events (20 events):
Event: 3.369 loading class jdk/internal/reflect/ClassDefiner$1
Event: 3.369 loading class jdk/internal/reflect/ClassDefiner$1 done
Event: 3.370 loading class jdk/internal/reflect/BootstrapConstructorAccessorImpl
Event: 3.370 loading class jdk/internal/reflect/BootstrapConstructorAccessorImpl done
Event: 3.370 loading class java/lang/annotation/Repeatable
Event: 3.370 loading class java/lang/annotation/Repeatable done
Event: 3.374 loading class java/util/concurrent/atomic/AtomicReference
Event: 3.375 loading class java/util/concurrent/atomic/AtomicReference done
Event: 3.438 loading class java/beans/Introspector
Event: 3.439 loading class java/beans/Introspector done
Event: 3.439 loading class java/beans/EventSetDescriptor
Event: 3.440 loading class java/beans/FeatureDescriptor
Event: 3.441 loading class java/beans/FeatureDescriptor done
Event: 3.441 loading class java/beans/EventSetDescriptor done
Event: 3.441 loading class java/beans/Introspector$1
Event: 3.441 loading class jdk/internal/access/JavaBeansAccess
Event: 3.442 loading class jdk/internal/access/JavaBeansAccess done
Event: 3.442 loading class java/beans/Introspector$1 done
Event: 3.451 loading class jdk/internal/reflect/UnsafeObjectFieldAccessorImpl
Event: 3.453 loading class jdk/internal/reflect/UnsafeObjectFieldAccessorImpl done


Dynamic libraries:
0x00007ff7da320000 - 0x00007ff7da32e000 	C:\Users\edgar\.gradle\jdks\jdk-17.0.2+8\bin\java.exe
0x00007ff917110000 - 0x00007ff917308000 	C:\WINDOWS\SYSTEM32\ntdll.dll
0x00007ff916060000 - 0x00007ff91611d000 	C:\WINDOWS\System32\KERNEL32.DLL
0x00007ff914950000 - 0x00007ff914c1e000 	C:\WINDOWS\System32\KERNELBASE.dll
0x00007ff914fa0000 - 0x00007ff9150a0000 	C:\WINDOWS\System32\ucrtbase.dll
0x00007ff8feab0000 - 0x00007ff8feac9000 	C:\Users\edgar\.gradle\jdks\jdk-17.0.2+8\bin\VCRUNTIME140.dll
0x00007ff8fead0000 - 0x00007ff8feae8000 	C:\Users\edgar\.gradle\jdks\jdk-17.0.2+8\bin\jli.dll
0x00007ff915ea0000 - 0x00007ff916040000 	C:\WINDOWS\System32\USER32.dll
0x00007ff914d30000 - 0x00007ff914d52000 	C:\WINDOWS\System32\win32u.dll
0x00007ff9157a0000 - 0x00007ff9157ca000 	C:\WINDOWS\System32\GDI32.dll
0x00007ff914c20000 - 0x00007ff914d2b000 	C:\WINDOWS\System32\gdi32full.dll
0x00007ff9150d0000 - 0x00007ff91516d000 	C:\WINDOWS\System32\msvcp_win.dll
0x00007ff9047f0000 - 0x00007ff904a8a000 	C:\WINDOWS\WinSxS\amd64_microsoft.windows.common-controls_6595b64144ccf1df_6.0.19041.1110_none_60b5254171f9507e\COMCTL32.dll
0x00007ff915970000 - 0x00007ff915a0e000 	C:\WINDOWS\System32\msvcrt.dll
0x00007ff917000000 - 0x00007ff917030000 	C:\WINDOWS\System32\IMM32.DLL
0x00007ff905180000 - 0x00007ff90518c000 	C:\Users\edgar\.gradle\jdks\jdk-17.0.2+8\bin\vcruntime140_1.dll
0x00007ff8fea10000 - 0x00007ff8feaa1000 	C:\Users\edgar\.gradle\jdks\jdk-17.0.2+8\bin\msvcp140.dll
0x00007ff8d5020000 - 0x00007ff8d5c67000 	C:\Users\edgar\.gradle\jdks\jdk-17.0.2+8\bin\server\jvm.dll
0x00007ff915170000 - 0x00007ff91521e000 	C:\WINDOWS\System32\ADVAPI32.dll
0x00007ff917030000 - 0x00007ff9170cc000 	C:\WINDOWS\System32\sechost.dll
0x00007ff916ed0000 - 0x00007ff916ff5000 	C:\WINDOWS\System32\RPCRT4.dll
0x00007ff9158a0000 - 0x00007ff9158a8000 	C:\WINDOWS\System32\PSAPI.DLL
0x00007ff912030000 - 0x00007ff912039000 	C:\WINDOWS\SYSTEM32\WSOCK32.dll
0x00007ff904be0000 - 0x00007ff904c07000 	C:\WINDOWS\SYSTEM32\WINMM.dll
0x00007ff915b60000 - 0x00007ff915bcb000 	C:\WINDOWS\System32\WS2_32.dll
0x00007ff90fa70000 - 0x00007ff90fa7a000 	C:\WINDOWS\SYSTEM32\VERSION.dll
0x00007ff912730000 - 0x00007ff912742000 	C:\WINDOWS\SYSTEM32\kernel.appcore.dll
0x00007ff905110000 - 0x00007ff90511a000 	C:\Users\edgar\.gradle\jdks\jdk-17.0.2+8\bin\jimage.dll
0x00007ff90d3a0000 - 0x00007ff90d584000 	C:\WINDOWS\SYSTEM32\DBGHELP.DLL
0x00007ff903fb0000 - 0x00007ff903fdc000 	C:\WINDOWS\SYSTEM32\dbgcore.DLL
0x00007ff914ec0000 - 0x00007ff914f42000 	C:\WINDOWS\System32\bcryptPrimitives.dll
0x00007ff90bec0000 - 0x00007ff90bece000 	C:\Users\edgar\.gradle\jdks\jdk-17.0.2+8\bin\instrument.dll
0x00007ff8fe9e0000 - 0x00007ff8fea05000 	C:\Users\edgar\.gradle\jdks\jdk-17.0.2+8\bin\java.dll
0x00007ff8f72c0000 - 0x00007ff8f7396000 	C:\Users\edgar\.gradle\jdks\jdk-17.0.2+8\bin\jsvml.dll
0x00007ff916420000 - 0x00007ff916b64000 	C:\WINDOWS\System32\SHELL32.dll
0x00007ff912930000 - 0x00007ff9130c4000 	C:\WINDOWS\SYSTEM32\windows.storage.dll
0x00007ff916b70000 - 0x00007ff916ec4000 	C:\WINDOWS\System32\combase.dll
0x00007ff9141c0000 - 0x00007ff9141f0000 	C:\WINDOWS\SYSTEM32\Wldp.dll
0x00007ff915c30000 - 0x00007ff915cdd000 	C:\WINDOWS\System32\SHCORE.dll
0x00007ff915910000 - 0x00007ff915965000 	C:\WINDOWS\System32\shlwapi.dll
0x00007ff914770000 - 0x00007ff91478f000 	C:\WINDOWS\SYSTEM32\profapi.dll
0x00007ff8f7a00000 - 0x00007ff8f7a18000 	C:\Users\edgar\.gradle\jdks\jdk-17.0.2+8\bin\zip.dll
0x00007ff8fe7a0000 - 0x00007ff8fe7b9000 	C:\Users\edgar\.gradle\jdks\jdk-17.0.2+8\bin\net.dll
0x00007ff908070000 - 0x00007ff90817a000 	C:\WINDOWS\SYSTEM32\WINHTTP.dll
0x00007ff913f20000 - 0x00007ff913f8a000 	C:\WINDOWS\system32\mswsock.dll
0x00007ff8f7a20000 - 0x00007ff8f7a35000 	C:\Users\edgar\.gradle\jdks\jdk-17.0.2+8\bin\nio.dll
0x00007ff90bd10000 - 0x00007ff90bd2a000 	C:\Program Files\JetBrains\IntelliJ IDEA Community Edition 2022.2.1\bin\breakgen64.dll
0x00007ff8fe8e0000 - 0x00007ff8fe8f0000 	C:\Users\edgar\.gradle\jdks\jdk-17.0.2+8\bin\verify.dll
0x00007ff90bd00000 - 0x00007ff90bd09000 	C:\Users\edgar\.gradle\jdks\jdk-17.0.2+8\bin\management.dll
0x00007ff90bcf0000 - 0x00007ff90bcfb000 	C:\Users\edgar\.gradle\jdks\jdk-17.0.2+8\bin\management_ext.dll
0x00007ff8fdfa0000 - 0x00007ff8fdfb7000 	C:\WINDOWS\system32\napinsp.dll
0x00007ff8fdde0000 - 0x00007ff8fddfb000 	C:\WINDOWS\system32\pnrpnsp.dll
0x00007ff8fdda0000 - 0x00007ff8fddb5000 	C:\WINDOWS\system32\wshbth.dll
0x00007ff910270000 - 0x00007ff91028d000 	C:\WINDOWS\system32\NLAapi.dll
0x00007ff913c10000 - 0x00007ff913c4b000 	C:\WINDOWS\SYSTEM32\IPHLPAPI.DLL
0x00007ff913c50000 - 0x00007ff913d1a000 	C:\WINDOWS\SYSTEM32\DNSAPI.dll
0x00007ff915b50000 - 0x00007ff915b58000 	C:\WINDOWS\System32\NSI.dll
0x00007ff8fdd60000 - 0x00007ff8fdd72000 	C:\WINDOWS\System32\winrnr.dll
0x00007ff907500000 - 0x00007ff90750a000 	C:\Windows\System32\rasadhlp.dll
0x00007ff907570000 - 0x00007ff9075f0000 	C:\WINDOWS\System32\fwpuclnt.dll
0x00007ff9150a0000 - 0x00007ff9150c7000 	C:\WINDOWS\System32\bcrypt.dll

dbghelp: loaded successfully - version: 4.0.5 - missing functions: none
symbol engine: initialized successfully - sym options: 0x614 - pdb path: .;C:\Users\edgar\.gradle\jdks\jdk-17.0.2+8\bin;C:\WINDOWS\SYSTEM32;C:\WINDOWS\WinSxS\amd64_microsoft.windows.common-controls_6595b64144ccf1df_6.0.19041.1110_none_60b5254171f9507e;C:\Users\edgar\.gradle\jdks\jdk-17.0.2+8\bin\server;C:\Program Files\JetBrains\IntelliJ IDEA Community Edition 2022.2.1\bin

VM Arguments:
jvm_args: -javaagent:C:\Program Files\JetBrains\IntelliJ IDEA Community Edition 2022.2.1\lib\idea_rt.jar=54921:C:\Program Files\JetBrains\IntelliJ IDEA Community Edition 2022.2.1\bin -Dfile.encoding=UTF-8 
java_command: com.edgarfrancisco.MybooksBackendApplication
java_class_path (initial): C:\Users\edgar\Desktop\junior portfolio\myBooks_app\mybooks_backend\target\classes;C:\Users\edgar\.m2\repository\org\springframework\boot\spring-boot-starter-data-jpa\2.7.3\spring-boot-starter-data-jpa-2.7.3.jar;C:\Users\edgar\.m2\repository\org\springframework\boot\spring-boot-starter-aop\2.7.3\spring-boot-starter-aop-2.7.3.jar;C:\Users\edgar\.m2\repository\org\springframework\spring-aop\5.3.22\spring-aop-5.3.22.jar;C:\Users\edgar\.m2\repository\org\aspectj\aspectjweaver\1.9.7\aspectjweaver-1.9.7.jar;C:\Users\edgar\.m2\repository\org\springframework\boot\spring-boot-starter-jdbc\2.7.3\spring-boot-starter-jdbc-2.7.3.jar;C:\Users\edgar\.m2\repository\com\zaxxer\HikariCP\4.0.3\HikariCP-4.0.3.jar;C:\Users\edgar\.m2\repository\org\springframework\spring-jdbc\5.3.22\spring-jdbc-5.3.22.jar;C:\Users\edgar\.m2\repository\jakarta\transaction\jakarta.transaction-api\1.3.3\jakarta.transaction-api-1.3.3.jar;C:\Users\edgar\.m2\repository\jakarta\persistence\jakarta.persistence-api\2.2.3\jakarta.persistence-api-2.2.3.jar;C:\Users\edgar\.m2\repository\org\hibernate\hibernate-core\5.6.10.Final\hibernate-core-5.6.10.Final.jar;C:\Users\edgar\.m2\repository\org\jboss\logging\jboss-logging\3.4.3.Final\jboss-logging-3.4.3.Final.jar;C:\Users\edgar\.m2\repository\net\bytebuddy\byte-buddy\1.12.13\byte-buddy-1.12.13.jar;C:\Users\edgar\.m2\repository\antlr\antlr\2.7.7\antlr-2.7.7.jar;C:\Users\edgar\.m2\repository\org\jboss\jandex\2.4.2.Final\jandex-2.4.2.Final.jar;C:\Users\edgar\.m2\repository\com\fasterxml\classmate\1.5.1\classmate-1.5.1.jar;C:\Users\edgar\.m2\repository\org\hibernate\common\hibernate-commons-annotations\5.1.2.Final\hibernate-commons-annotations-5.1.2.Final.jar;C:\Users\edgar\.m2\repository\org\glassfish\jaxb\jaxb-runtime\2.3.6\jaxb-runtime-2.3.6.jar;C:\Users\edgar\.m2\repository\org\glassfish\jaxb\txw2\2.3.6\txw2-2.3.6.jar;C:\Users\edgar\.m2\repository\com\sun\istack\istack-commons-runtime\3.0.12\istack-commons-runtime-3.0.12.jar;C:\Users\edgar
Launcher Type: SUN_STANDARD

[Global flags]
     intx CICompilerCount                          = 3                                         {product} {ergonomic}
     uint ConcGCThreads                            = 1                                         {product} {ergonomic}
     uint G1ConcRefinementThreads                  = 4                                         {product} {ergonomic}
   size_t G1HeapRegionSize                         = 1048576                                   {product} {ergonomic}
    uintx GCDrainStackTargetSize                   = 64                                        {product} {ergonomic}
   size_t InitialHeapSize                          = 134217728                                 {product} {ergonomic}
   size_t MarkStackSize                            = 4194304                                   {product} {ergonomic}
   size_t MaxHeapSize                              = 2126512128                                {product} {ergonomic}
   size_t MaxNewSize                               = 1275068416                                {product} {ergonomic}
   size_t MinHeapDeltaBytes                        = 1048576                                   {product} {ergonomic}
   size_t MinHeapSize                              = 8388608                                   {product} {ergonomic}
    uintx NonNMethodCodeHeapSize                   = 5832780                                {pd product} {ergonomic}
    uintx NonProfiledCodeHeapSize                  = 122912730                              {pd product} {ergonomic}
    uintx ProfiledCodeHeapSize                     = 122912730                              {pd product} {ergonomic}
    uintx ReservedCodeCacheSize                    = 251658240                              {pd product} {ergonomic}
     bool SegmentedCodeCache                       = true                                      {product} {ergonomic}
   size_t SoftMaxHeapSize                          = 2126512128                             {manageable} {ergonomic}
     bool UseCompressedClassPointers               = true                           {product lp64_product} {ergonomic}
     bool UseCompressedOops                        = true                           {product lp64_product} {ergonomic}
     bool UseG1GC                                  = true                                      {product} {ergonomic}
     bool UseLargePagesIndividualAllocation        = false                                  {pd product} {ergonomic}

Logging:
Log output configuration:
 #0: stdout all=warning uptime,level,tags
 #1: stderr all=off uptime,level,tags

Environment Variables:
JAVA_HOME=C:\Program Files\Amazon Corretto\jdk11.0.13_8
PATH=C:\Program Files\Amazon Corretto\jdk11.0.13_8\bin;C:\Program Files (x86)\Common Files\Oracle\Java\javapath;C:\ProgramData\Oracle\Java\javapath;C:\WINDOWS\system32;C:\WINDOWS;C:\WINDOWS\System32\Wbem;C:\WINDOWS\System32\WindowsPowerShell\v1.0\;C:\Program Files (x86)\QuickTime\QTSystem\;C:\WINDOWS\System32\OpenSSH\;C:\Program Files (x86)\HP\Common\HPDestPlgIn\;C:\Program Files\Git\cmd;C:\Program Files\nodejs\;C:\Gradle\gradle-7.3.3\bin;C:\Program Files (x86)\sqlite3;C:\Program Files\GitHub CLI\;C:\Users\edgar\AppData\Local\Programs\Microsoft VS Code\bin;C:\Program Files\PostgreSQL\14\bin;C:\Maven\bin;C:\Program Files\MongoDB\Tools\100\bin;C:\Program Files\OpenSSL-Win64\bin;C:\Program Files\MySQL\MySQL Shell 8.0\bin\;C:\Users\edgar\AppData\Local\Microsoft\WindowsApps;C:\Program Files (x86)\HP\Common\HPDestPlgIn\;C:\Users\edgar\AppData\Roaming\npm;C:\Program Files\JetBrains\IntelliJ IDEA Educational Edition 2021.2.3\bin;C:\Program Files (x86)\sqlite3;C:\Users\edgar\AppData\Local\gitkraken\bin;;C:\Program Files\JetBrains\IntelliJ IDEA 2021.3.2\bin;;C:\Program Files\JetBrains\IntelliJ IDEA Community Edition 2022.2.1\bin;
USERNAME=edgar
OS=Windows_NT
PROCESSOR_IDENTIFIER=Intel64 Family 6 Model 61 Stepping 4, GenuineIntel



---------------  S Y S T E M  ---------------

OS:
 Windows 10 , 64 bit Build 19041 (10.0.19041.1889)
OS uptime: 7 days 7:48 hours

CPU: total 4 (initial active 4) (2 cores per cpu, 2 threads per core) family 6 model 61 stepping 4 microcode 0x2d, cx8, cmov, fxsr, ht, mmx, 3dnowpref, sse, sse2, sse3, ssse3, sse4.1, sse4.2, popcnt, lzcnt, tsc, tscinvbit, avx, avx2, aes, erms, clmul, bmi1, bmi2, adx, fma, vzeroupper, clflush

Memory: 4k page, system-wide physical 8106M (394M free)
TotalPageFile size 32682M (AvailPageFile size 0M)
current process WorkingSet (physical memory assigned to process): 106M, peak: 106M
current process commit charge ("private bytes"): 237M, peak: 238M

vm_info: OpenJDK 64-Bit Server VM (17.0.2+8) for windows-amd64 JRE (17.0.2+8), built on Jan 20 2022 04:52:34 by "" with MS VC++ 16.7 (VS2019)

END.
